<?xml version="1.0" encoding="UTF-8"?>
<!-- Generated by org.testng.reporters.JUnitReportReporter -->
<testsuite hostname="ENCOPDBANLT0031" failures="0" tests="1" name="com.qa.tests.HomePageTests" time="14.071" errors="0" timestamp="18 Jun 2021 09:01:42 GMT" skipped="0">
  <testcase classname="com.qa.tests.HomePageTests" name="sampleTest" time="14.071"/>
</testsuite> <!-- com.qa.tests.HomePageTests -->
